<?xml version="1.0" encoding="UTF-8"?>
<!-- Generated by org.testng.reporters.JUnitReportReporter -->
<testsuite hostname="e6-56" name="crazy.tools.ExcelReaderByPOITool" tests="1" failures="0" timestamp="26 Mar 2015 09:32:13 GMT" time="0.325" errors="0">
  <testcase name="testThisTool" time="0.325" classname="crazy.tools.ExcelReaderByPOITool"/>
</testsuite> <!-- crazy.tools.ExcelReaderByPOITool -->
