<?xml version="1.0" encoding="UTF-8"?>
<!-- Generated by org.testng.reporters.JUnitReportReporter -->
<testsuite hostname="e6-56" name="crazy.tools.Dbtool" tests="1" failures="0" timestamp="12 Feb 2015 07:04:35 GMT" time="0.329" errors="0">
  <testcase name="testconn" time="0.329" classname="crazy.tools.Dbtool"/>
</testsuite> <!-- crazy.tools.Dbtool -->
