<?xml version="1.0" encoding="UTF-8"?>
<!-- Generated by org.testng.reporters.JUnitReportReporter -->
<testsuite hostname="e6-56" name="crazy.tools.ExcelByjxlTool" tests="1" failures="0" timestamp="26 Mar 2015 09:31:08 GMT" time="0.796" errors="0">
  <testcase name="testThisTool" time="0.796" classname="crazy.tools.ExcelByjxlTool"/>
</testsuite> <!-- crazy.tools.ExcelByjxlTool -->
